Build started 22/11/1397 02:04:16 ق.ظ.
     1>Project "C:\Users\Ali\Documents\visual studio 2013\Projects\Flash-Reader-OpenCV\Opencv_V0.01\Opencv_V0.01.vcxproj" on node 2 (Build target(s)).
     1>ClCompile:
         G:\Program Files (x86)\Microsoft Visual Studio 12.0\VC\bin\CL.exe /c /ZI /nologo /W3 /WX- /sdl /Od /Oy- /D WIN32 /D _DEBUG /D _CONSOLE /D _LIB /D _UNICODE /D UNICODE /Gm /EHsc /RTC1 /MDd /GS /fp:precise /Zc:wchar_t /Zc:forScope /Yc"stdafx.h" /Fp"Debug\Opencv_V0.01.pch" /Fo"Debug\\" /Fd"Debug\vc120.pdb" /Gd /TP /analyze- /errorReport:prompt stdafx.cpp
         stdafx.cpp
         G:\Program Files (x86)\Microsoft Visual Studio 12.0\VC\bin\CL.exe /c /ZI /nologo /W3 /WX- /sdl /Od /Oy- /D WIN32 /D _DEBUG /D _CONSOLE /D _LIB /D _UNICODE /D UNICODE /Gm /EHsc /RTC1 /MDd /GS /fp:precise /Zc:wchar_t /Zc:forScope /Yu"stdafx.h" /Fp"Debug\Opencv_V0.01.pch" /Fo"Debug\\" /Fd"Debug\vc120.pdb" /Gd /TP /analyze- /errorReport:prompt Opencv_V0.01.cpp
         Opencv_V0.01.cpp
     1>c:\users\ali\documents\visual studio 2013\projects\flash-reader-opencv\opencv_v0.01\opencv_v0.01.cpp(3): fatal error C1083: Cannot open include file: 'opencv.hpp': No such file or directory
     1>Done Building Project "C:\Users\Ali\Documents\visual studio 2013\Projects\Flash-Reader-OpenCV\Opencv_V0.01\Opencv_V0.01.vcxproj" (Build target(s)) -- FAILED.

Build FAILED.

Time Elapsed 00:00:02.22
